# JRE version: OpenJDK Runtime Environment (15.0.1+9) (build 15.0.1+9-18)
# Java VM: OpenJDK 64-Bit Server VM (15.0.1+9-18, mixed mode, tiered, compressed oops, g1 gc, windows-amd64)
GC Precious Log:
 CPUs: 4 total, 4 available
 Memory: 8025M
 Large Page Support: Disabled
 NUMA Support: Disabled
 Compressed Oops: Enabled (32-bit)
 Heap Region Size: 1M
 Heap Min Capacity: 8M
 Heap Initial Capacity: 126M
 Heap Max Capacity: 2008M
 Pre-touch: Disabled
 Parallel Workers: 4
 Concurrent Workers: 1
 Concurrent Refinement Workers: 4
 Periodic GC: Disabled
Heap:
 garbage-first heap   total 66560K, used 28980K [0x0000000082800000, 0x0000000100000000)
  region size 1024K, 8 young (8192K), 3 survivors (3072K)
 Metaspace       used 68239K, capacity 68785K, committed 68908K, reserved 1110016K
  class space    used 8013K, capacity 8233K, committed 8320K, reserved 1048576K
GC Heap History (20 events):
Event: 5.418 GC heap before
{Heap before GC invocations=17 (full 0):
 garbage-first heap   total 55296K, used 43010K [0x0000000082800000, 0x0000000100000000)
  region size 1024K, 27 young (27648K), 4 survivors (4096K)
 Metaspace       used 56574K, capacity 57017K, committed 57088K, reserved 1099776K
  class space    used 6944K, capacity 7100K, committed 7168K, reserved 1048576K
}
Event: 5.423 GC heap after
{Heap after GC invocations=18 (full 0):
 garbage-first heap   total 66560K, used 20485K [0x0000000082800000, 0x0000000100000000)
  region size 1024K, 4 young (4096K), 4 survivors (4096K)
 Metaspace       used 56574K, capacity 57017K, committed 57088K, reserved 1099776K
  class space    used 6944K, capacity 7100K, committed 7168K, reserved 1048576K
}
Event: 5.886 GC heap before
{Heap before GC invocations=18 (full 0):
 garbage-first heap   total 66560K, used 47109K [0x0000000082800000, 0x0000000100000000)
  region size 1024K, 31 young (31744K), 4 survivors (4096K)
 Metaspace       used 59323K, capacity 59795K, committed 59948K, reserved 1101824K
  class space    used 7294K, capacity 7486K, committed 7552K, reserved 1048576K
}
Event: 5.894 GC heap after
{Heap after GC invocations=19 (full 0):
 garbage-first heap   total 66560K, used 22781K [0x0000000082800000, 0x0000000100000000)
  region size 1024K, 4 young (4096K), 4 survivors (4096K)
 Metaspace       used 59323K, capacity 59795K, committed 59948K, reserved 1101824K
  class space    used 7294K, capacity 7486K, committed 7552K, reserved 1048576K
}
Event: 1103.832 GC heap before
{Heap before GC invocations=20 (full 0):
 garbage-first heap   total 66560K, used 50429K [0x0000000082800000, 0x0000000100000000)
  region size 1024K, 32 young (32768K), 4 survivors (4096K)
 Metaspace       used 66225K, capacity 66789K, committed 67116K, reserved 1107968K
  class space    used 8008K, capacity 8233K, committed 8320K, reserved 1048576K
}
Event: 1103.846 GC heap after
{Heap after GC invocations=21 (full 0):
 garbage-first heap   total 66560K, used 24394K [0x0000000082800000, 0x0000000100000000)
  region size 1024K, 2 young (2048K), 2 survivors (2048K)
 Metaspace       used 66225K, capacity 66789K, committed 67116K, reserved 1107968K
  class space    used 8008K, capacity 8233K, committed 8320K, reserved 1048576K
}
Event: 1108.308 GC heap before
{Heap before GC invocations=21 (full 0):
 garbage-first heap   total 66560K, used 52042K [0x0000000082800000, 0x0000000100000000)
  region size 1024K, 29 young (29696K), 2 survivors (2048K)
 Metaspace       used 68021K, capacity 68593K, committed 68908K, reserved 1110016K
  class space    used 8010K, capacity 8233K, committed 8320K, reserved 1048576K
}
Event: 1108.314 GC heap after
{Heap after GC invocations=22 (full 0):
 garbage-first heap   total 66560K, used 24502K [0x0000000082800000, 0x0000000100000000)
  region size 1024K, 3 young (3072K), 3 survivors (3072K)
 Metaspace       used 68021K, capacity 68593K, committed 68908K, reserved 1110016K
  class space    used 8010K, capacity 8233K, committed 8320K, reserved 1048576K
}
Event: 1111.169 GC heap before
{Heap before GC invocations=22 (full 0):
 garbage-first heap   total 66560K, used 52150K [0x0000000082800000, 0x0000000100000000)
  region size 1024K, 30 young (30720K), 3 survivors (3072K)
 Metaspace       used 68133K, capacity 68721K, committed 68908K, reserved 1110016K
  class space    used 8011K, capacity 8233K, committed 8320K, reserved 1048576K
}
Event: 1111.177 GC heap after
{Heap after GC invocations=23 (full 0):
 garbage-first heap   total 66560K, used 24489K [0x0000000082800000, 0x0000000100000000)
  region size 1024K, 3 young (3072K), 3 survivors (3072K)
 Metaspace       used 68133K, capacity 68721K, committed 68908K, reserved 1110016K
  class space    used 8011K, capacity 8233K, committed 8320K, reserved 1048576K
}
Event: 1113.988 GC heap before
{Heap before GC invocations=23 (full 0):
 garbage-first heap   total 66560K, used 53161K [0x0000000082800000, 0x0000000100000000)
  region size 1024K, 31 young (31744K), 3 survivors (3072K)
 Metaspace       used 68224K, capacity 68785K, committed 68908K, reserved 1110016K
  class space    used 8012K, capacity 8233K, committed 8320K, reserved 1048576K
}
Event: 1113.993 GC heap after
{Heap after GC invocations=24 (full 0):
 garbage-first heap   total 66560K, used 24586K [0x0000000082800000, 0x0000000100000000)
  region size 1024K, 3 young (3072K), 3 survivors (3072K)
 Metaspace       used 68224K, capacity 68785K, committed 68908K, reserved 1110016K
  class space    used 8012K, capacity 8233K, committed 8320K, reserved 1048576K
}
Event: 1116.572 GC heap before
{Heap before GC invocations=24 (full 0):
 garbage-first heap   total 66560K, used 54282K [0x0000000082800000, 0x0000000100000000)
  region size 1024K, 32 young (32768K), 3 survivors (3072K)
 Metaspace       used 68230K, capacity 68785K, committed 68908K, reserved 1110016K
  class space    used 8013K, capacity 8233K, committed 8320K, reserved 1048576K
}
Event: 1116.577 GC heap after
{Heap after GC invocations=25 (full 0):
 garbage-first heap   total 66560K, used 24606K [0x0000000082800000, 0x0000000100000000)
  region size 1024K, 3 young (3072K), 3 survivors (3072K)
 Metaspace       used 68230K, capacity 68785K, committed 68908K, reserved 1110016K
  class space    used 8013K, capacity 8233K, committed 8320K, reserved 1048576K
}
Event: 1118.609 GC heap before
{Heap before GC invocations=25 (full 0):
 garbage-first heap   total 66560K, used 54302K [0x0000000082800000, 0x0000000100000000)
  region size 1024K, 32 young (32768K), 3 survivors (3072K)
 Metaspace       used 68235K, capacity 68785K, committed 68908K, reserved 1110016K
  class space    used 8013K, capacity 8233K, committed 8320K, reserved 1048576K
}
Event: 1118.614 GC heap after
{Heap after GC invocations=26 (full 0):
 garbage-first heap   total 66560K, used 24591K [0x0000000082800000, 0x0000000100000000)
  region size 1024K, 3 young (3072K), 3 survivors (3072K)
 Metaspace       used 68235K, capacity 68785K, committed 68908K, reserved 1110016K
  class space    used 8013K, capacity 8233K, committed 8320K, reserved 1048576K
}
Event: 1121.091 GC heap before
{Heap before GC invocations=26 (full 0):
 garbage-first heap   total 66560K, used 54287K [0x0000000082800000, 0x0000000100000000)
  region size 1024K, 32 young (32768K), 3 survivors (3072K)
 Metaspace       used 68236K, capacity 68785K, committed 68908K, reserved 1110016K
  class space    used 8013K, capacity 8233K, committed 8320K, reserved 1048576K
}
Event: 1121.096 GC heap after
{Heap after GC invocations=27 (full 0):
 garbage-first heap   total 66560K, used 24594K [0x0000000082800000, 0x0000000100000000)
  region size 1024K, 3 young (3072K), 3 survivors (3072K)
 Metaspace       used 68236K, capacity 68785K, committed 68908K, reserved 1110016K
  class space    used 8013K, capacity 8233K, committed 8320K, reserved 1048576K
}
Event: 1122.448 GC heap before
{Heap before GC invocations=27 (full 0):
 garbage-first heap   total 66560K, used 54290K [0x0000000082800000, 0x0000000100000000)
  region size 1024K, 32 young (32768K), 3 survivors (3072K)
 Metaspace       used 68239K, capacity 68785K, committed 68908K, reserved 1110016K
  class space    used 8013K, capacity 8233K, committed 8320K, reserved 1048576K
}
Event: 1122.452 GC heap after
{Heap after GC invocations=28 (full 0):
 garbage-first heap   total 66560K, used 24884K [0x0000000082800000, 0x0000000100000000)
  region size 1024K, 3 young (3072K), 3 survivors (3072K)
 Metaspace       used 68239K, capacity 68785K, committed 68908K, reserved 1110016K
  class space    used 8013K, capacity 8233K, committed 8320K, reserved 1048576K
}

